# JRE version: Java(TM) SE Runtime Environment (8.0_92-b14) (build 1.8.0_92-b14)
# Java VM: Java HotSpot(TM) Client VM (25.92-b14 mixed mode windows-x86 )
Heap:
 def new generation   total 121536K, used 14512K [0x04600000, 0x0c9e0000, 0x19b50000)
  eden space 108032K,  13% used [0x04600000, 0x0542c0b0, 0x0af80000)
  from space 13504K,   0% used [0x0af80000, 0x0af80000, 0x0bcb0000)
  to   space 13504K,   0% used [0x0bcb0000, 0x0bcb0000, 0x0c9e0000)
 tenured generation   total 269952K, used 147628K [0x19b50000, 0x2a2f0000, 0x44600000)
   the space 269952K,  54% used [0x19b50000, 0x22b7b180, 0x22b7b200, 0x2a2f0000)
 Metaspace       used 38209K, capacity 39083K, committed 39168K, reserved 39296K
GC Heap History (10 events):
Event: 36.605 GC heap before
{Heap before GC invocations=115 (full 6):
 def new generation   total 72960K, used 69344K [0x04600000, 0x09520000, 0x19b50000)
  eden space 64896K, 100% used [0x04600000, 0x08560000, 0x08560000)
  from space 8064K,  55% used [0x08560000, 0x089b8270, 0x08d40000)
  to   space 8064K,   0% used [0x08d40000, 0x08d40000, 0x09520000)
 tenured generation   total 161896K, used 157045K [0x19b50000, 0x2396a000, 0x44600000)
   the space 161896K,  97% used [0x19b50000, 0x234ad690, 0x234ad800, 0x2396a000)
 Metaspace       used 35834K, capacity 36580K, committed 36608K, reserved 37248K
Event: 36.621 GC heap after
Heap after GC invocations=116 (full 6):
 def new generation   total 72960K, used 3588K [0x04600000, 0x09520000, 0x19b50000)
  eden space 64896K,   0% used [0x04600000, 0x04600000, 0x08560000)
  from space 8064K,  44% used [0x08d40000, 0x090c10e0, 0x09520000)
  to   space 8064K,   0% used [0x08560000, 0x08560000, 0x08d40000)
 tenured generation   total 161896K, used 159411K [0x19b50000, 0x2396a000, 0x44600000)
   the space 161896K,  98% used [0x19b50000, 0x236fcc00, 0x236fcc00, 0x2396a000)
 Metaspace       used 35834K, capacity 36580K, committed 36608K, reserved 37248K
}
Event: 40.851 GC heap before
{Heap before GC invocations=116 (full 6):
 def new generation   total 72960K, used 66033K [0x04600000, 0x09520000, 0x19b50000)
  eden space 64896K,  96% used [0x04600000, 0x082fb5b0, 0x08560000)
  from space 8064K,  44% used [0x08d40000, 0x090c10e0, 0x09520000)
  to   space 8064K,   0% used [0x08560000, 0x08560000, 0x08d40000)
 tenured generation   total 161896K, used 159411K [0x19b50000, 0x2396a000, 0x44600000)
   the space 161896K,  98% used [0x19b50000, 0x236fcc00, 0x236fcc00, 0x2396a000)
 Metaspace       used 36536K, capacity 37332K, committed 37376K, reserved 38272K
Event: 41.176 GC heap after
Heap after GC invocations=117 (full 7):
 def new generation   total 121536K, used 7998K [0x04600000, 0x0c9e0000, 0x19b50000)
  eden space 108032K,   7% used [0x04600000, 0x04dcfb98, 0x0af80000)
  from space 13504K,   0% used [0x0af80000, 0x0af80000, 0x0bcb0000)
  to   space 13504K,   0% used [0x0bcb0000, 0x0bcb0000, 0x0c9e0000)
 tenured generation   total 269952K, used 161969K [0x19b50000, 0x2a2f0000, 0x44600000)
   the space 269952K,  59% used [0x19b50000, 0x2397c718, 0x2397c800, 0x2a2f0000)
 Metaspace       used 36531K, capacity 37317K, committed 37376K, reserved 38272K
}
Event: 41.660 GC heap before
{Heap before GC invocations=117 (full 7):
 def new generation   total 121536K, used 105696K [0x04600000, 0x0c9e0000, 0x19b50000)
  eden space 108032K,  97% used [0x04600000, 0x0ad38088, 0x0af80000)
  from space 13504K,   0% used [0x0af80000, 0x0af80000, 0x0bcb0000)
  to   space 13504K,   0% used [0x0bcb0000, 0x0bcb0000, 0x0c9e0000)
 tenured generation   total 269952K, used 161969K [0x19b50000, 0x2a2f0000, 0x44600000)
   the space 269952K,  59% used [0x19b50000, 0x2397c718, 0x2397c800, 0x2a2f0000)
 Metaspace       used 36631K, capacity 37431K, committed 37504K, reserved 38272K
Event: 41.731 GC heap after
Heap after GC invocations=118 (full 7):
 def new generation   total 121536K, used 3243K [0x04600000, 0x0c9e0000, 0x19b50000)
  eden space 108032K,   0% used [0x04600000, 0x04600000, 0x0af80000)
  from space 13504K,  24% used [0x0bcb0000, 0x0bfdaf58, 0x0c9e0000)
  to   space 13504K,   0% used [0x0af80000, 0x0af80000, 0x0bcb0000)
 tenured generation   total 269952K, used 187465K [0x19b50000, 0x2a2f0000, 0x44600000)
   the space 269952K,  69% used [0x19b50000, 0x25262520, 0x25262600, 0x2a2f0000)
 Metaspace       used 36631K, capacity 37431K, committed 37504K, reserved 38272K
}
Event: 42.637 GC heap before
{Heap before GC invocations=118 (full 7):
 def new generation   total 121536K, used 111275K [0x04600000, 0x0c9e0000, 0x19b50000)
  eden space 108032K, 100% used [0x04600000, 0x0af80000, 0x0af80000)
  from space 13504K,  24% used [0x0bcb0000, 0x0bfdaf58, 0x0c9e0000)
  to   space 13504K,   0% used [0x0af80000, 0x0af80000, 0x0bcb0000)
 tenured generation   total 269952K, used 187465K [0x19b50000, 0x2a2f0000, 0x44600000)
   the space 269952K,  69% used [0x19b50000, 0x25262520, 0x25262600, 0x2a2f0000)
 Metaspace       used 38005K, capacity 38852K, committed 38912K, reserved 39296K
Event: 42.645 GC heap after
Heap after GC invocations=119 (full 7):
 def new generation   total 121536K, used 3177K [0x04600000, 0x0c9e0000, 0x19b50000)
  eden space 108032K,   0% used [0x04600000, 0x04600000, 0x0af80000)
  from space 13504K,  23% used [0x0af80000, 0x0b29a4f8, 0x0bcb0000)
  to   space 13504K,   0% used [0x0bcb0000, 0x0bcb0000, 0x0c9e0000)
 tenured generation   total 269952K, used 187465K [0x19b50000, 0x2a2f0000, 0x44600000)
   the space 269952K,  69% used [0x19b50000, 0x25262520, 0x25262600, 0x2a2f0000)
 Metaspace       used 38005K, capacity 38852K, committed 38912K, reserved 39296K
}
Event: 42.758 GC heap before
{Heap before GC invocations=119 (full 7):
 def new generation   total 121536K, used 5387K [0x04600000, 0x0c9e0000, 0x19b50000)
  eden space 108032K,   2% used [0x04600000, 0x048287c0, 0x0af80000)
  from space 13504K,  23% used [0x0af80000, 0x0b29a4f8, 0x0bcb0000)
  to   space 13504K,   0% used [0x0bcb0000, 0x0bcb0000, 0x0c9e0000)
 tenured generation   total 269952K, used 187465K [0x19b50000, 0x2a2f0000, 0x44600000)
   the space 269952K,  69% used [0x19b50000, 0x25262520, 0x25262600, 0x2a2f0000)
 Metaspace       used 38103K, capacity 38948K, committed 39040K, reserved 39296K
Event: 43.104 GC heap after
Heap after GC invocations=120 (full 8):
 def new generation   total 121536K, used 0K [0x04600000, 0x0c9e0000, 0x19b50000)
  eden space 108032K,   0% used [0x04600000, 0x04600000, 0x0af80000)
  from space 13504K,   0% used [0x0af80000, 0x0af80000, 0x0bcb0000)
  to   space 13504K,   0% used [0x0bcb0000, 0x0bcb0000, 0x0c9e0000)
 tenured generation   total 269952K, used 147628K [0x19b50000, 0x2a2f0000, 0x44600000)
   the space 269952K,  54% used [0x19b50000, 0x22b7b180, 0x22b7b200, 0x2a2f0000)
 Metaspace       used 38103K, capacity 38948K, committed 39040K, reserved 39296K
}

